<?xml version="1.0" encoding="UTF-8"?>
<testsuite name="Test"
           tests="3"
           failures="0"
           errors="0"
           skipped="0"
           time="5.845">
  <properties />
  
  
            <testcase name="verifyThatFirstNameLastNameEmailOasswordAndConfirmPasswordFieldsAreMandetory" time="1.349" classname="com.nopcommerce.demo.testsuite.RegisterPageTest" />
                <testcase name="VerifyThatUserShouldCreateAccountSuccessfully" time="3.282" classname="com.nopcommerce.demo.testsuite.RegisterPageTest" />
                <testcase name="verifyUserShouldNavigateToRegisterPageSuccessfully" time="1.214" classname="com.nopcommerce.demo.testsuite.RegisterPageTest" />
      
</testsuite>
